[12:03:54] [ServerMain/INFO]: [bootstrap] Running Java 21 (OpenJDK 64-Bit Server VM 21.0.8+9-Ubuntu-0ubuntu124.04.1; Ubuntu null) on Linux 6.8.0-1030-azure (amd64)
[12:03:54] [ServerMain/INFO]: [bootstrap] Loading Paper 1.21.8-6-main@782ce95 (2025-07-18T20:26:58Z) for Minecraft 1.21.8
[12:03:56] [ServerMain/INFO]: [PluginInitializerManager] Initializing plugins...
[12:04:01] [Paper Plugin Remapper Thread - 0/INFO]: [PluginRemapper] Remapping plugin 'plugins/HideAndSeek-1.0-SNAPSHOT.jar'...
[12:04:05] [Paper Plugin Remapper Thread - 0/INFO]: [PluginRemapper] Done remapping plugin 'plugins/HideAndSeek-1.0-SNAPSHOT.jar' in 4109ms.
[12:04:05] [ServerMain/INFO]: [PluginInitializerManager] Initialized 1 plugin
[12:04:05] [ServerMain/INFO]: [PluginInitializerManager] Bukkit plugins (1):
 - HideAndSeek (1.0-SNAPSHOT)
[12:04:11] [ServerMain/INFO]: Environment: Environment[sessionHost=https://sessionserver.mojang.com, servicesHost=https://api.minecraftservices.com, name=PROD]
[12:04:14] [ServerMain/INFO]: Loaded 1407 recipes
[12:04:14] [ServerMain/INFO]: Loaded 1520 advancements
[12:04:14] [ServerMain/INFO]: [ca.spottedleaf.dataconverter.minecraft.datatypes.MCTypeRegistry] Initialising converters for DataConverter...
[12:04:15] [ServerMain/INFO]: [ca.spottedleaf.dataconverter.minecraft.datatypes.MCTypeRegistry] Finished initialising converters for DataConverter in 519.6ms
[12:04:15] [Server thread/INFO]: Starting minecraft server version 1.21.8
[12:04:15] [Server thread/INFO]: Loading properties
[12:04:15] [Server thread/INFO]: This server is running Paper version 1.21.8-6-main@782ce95 (2025-07-18T20:26:58Z) (Implementing API version 1.21.8-R0.1-SNAPSHOT)
[12:04:15] [Server thread/INFO]: [spark] This server bundles the spark profiler. For more information please visit https://docs.papermc.io/paper/profiling
[12:04:15] [Server thread/INFO]: Server Ping Player Sample Count: 12
[12:04:15] [Server thread/INFO]: Using 4 threads for Netty based IO
[12:04:16] [Server thread/INFO]: [MoonriseCommon] Paper is using 1 worker threads, 1 I/O threads
[12:04:16] [Server thread/INFO]: [ChunkTaskScheduler] Chunk system is using population gen parallelism: true
[12:04:16] [Server thread/INFO]: Default game type: SURVIVAL
[12:04:16] [Server thread/INFO]: Generating keypair
[12:04:16] [Server thread/INFO]: Starting Minecraft server on *:25565
[12:04:17] [Server thread/INFO]: Using epoll channel type
[12:04:17] [Server thread/INFO]: Paper: Using libdeflate (Linux x86_64) compression from Velocity.
[12:04:17] [Server thread/INFO]: Paper: Using OpenSSL 3.x.x (Linux x86_64) cipher from Velocity.
[12:04:17] [Server thread/INFO]: [HideAndSeek] Loading server plugin HideAndSeek v1.0-SNAPSHOT
[12:04:17] [Server thread/INFO]: Server permissions file permissions.yml is empty, ignoring it
[12:04:17] [Server thread/WARN]: **** SERVER IS RUNNING IN OFFLINE/INSECURE MODE!
[12:04:17] [Server thread/WARN]: The server will make no attempt to authenticate usernames. Beware.
[12:04:17] [Server thread/WARN]: While this makes the game possible to play without internet access, it also opens up the ability for hackers to connect with any username they choose.
[12:04:17] [Server thread/WARN]: To change this, set "online-mode" to "true" in the server.properties file.
[12:04:17] [Server thread/INFO]: Preparing level "world"
[12:04:17] [Server thread/INFO]: Preparing start region for dimension minecraft:overworld
[12:04:17] [Server thread/INFO]: Preparing spawn area: 0%
[12:04:18] [Server thread/INFO]: Preparing spawn area: 0%
[12:04:18] [Server thread/INFO]: Preparing spawn area: 20%
[12:04:19] [Server thread/INFO]: Preparing spawn area: 59%
[12:04:19] [Server thread/INFO]: Preparing spawn area: 77%
[12:04:19] [Server thread/INFO]: Time elapsed: 2348 ms
[12:04:19] [Server thread/INFO]: Preparing start region for dimension minecraft:the_nether
[12:04:19] [Server thread/INFO]: Preparing spawn area: 0%
[12:04:20] [Server thread/INFO]: Time elapsed: 163 ms
[12:04:20] [Server thread/INFO]: Preparing start region for dimension minecraft:the_end
[12:04:20] [Server thread/INFO]: Preparing spawn area: 0%
[12:04:20] [Server thread/INFO]: Time elapsed: 72 ms
[12:04:20] [Server thread/INFO]: [HideAndSeek] Enabling HideAndSeek v1.0-SNAPSHOT
[12:04:20] [Server thread/INFO]: [HideAndSeek] ════════════════════════════════════════
[12:04:20] [Server thread/INFO]: [HideAndSeek]   HideAndSeek Plugin v1.0
[12:04:20] [Server thread/INFO]: [HideAndSeek]   ¡Plugin cargado exitosamente!
[12:04:20] [Server thread/INFO]: [HideAndSeek]   Creado por: Kazu
[12:04:20] [Server thread/INFO]: [HideAndSeek] ════════════════════════════════════════
[12:04:20] [Server thread/INFO]: [spark] Starting background profiler...
[12:04:22] [Server thread/INFO]: Done preparing level "world" (5.658s)
[12:04:22] [Server thread/INFO]: Running delayed init tasks
[12:04:22] [Server thread/INFO]: Done (54.001s)! For help, type "help"
[12:06:19] [User Authenticator #0/INFO]: UUID of player KrazyKazu is 1bb58c82-7d6d-34c0-81af-ba8c69874389
[12:06:20] [Server thread/INFO]: KrazyKazu joined the game
[12:06:20] [Server thread/INFO]: KrazyKazu[/127.46.139.56:42855] logged in with entity id 48 at ([world]-518.2172853299235, 70.0, -504.15087554222896)
[12:06:31] [Server thread/INFO]: KrazyKazu issued server command: /gamemode creative
[12:06:31] [Server thread/INFO]: [KrazyKazu: Set own game mode to Creative Mode]
[12:06:31] [User Authenticator #0/INFO]: UUID of player BestSaeran is cba29850-3dc7-300c-ba6c-4af198d5599d
[12:06:32] [Server thread/INFO]: BestSaeran joined the game
[12:06:32] [Server thread/INFO]: BestSaeran[/127.46.139.56:49553] logged in with entity id 155 at ([world]-534.0117538097159, 68.0, -482.54344063217667)
[12:06:52] [Server thread/INFO]: KrazyKazu issued server command: /kill
[12:06:52] [Server thread/INFO]: KrazyKazu was killed
[12:06:52] [Server thread/INFO]: [KrazyKazu: Killed KrazyKazu]
[12:07:04] [Server thread/INFO]: KrazyKazu issued server command: /kill BestSaeran
[12:07:04] [Server thread/INFO]: BestSaeran was killed
[12:07:04] [Server thread/INFO]: [KrazyKazu: Killed BestSaeran]
[12:07:32] [Server thread/INFO]: KrazyKazu issued server command: /tp BestSaeran KrazyKazu
[12:07:32] [Server thread/INFO]: [KrazyKazu: Teleported BestSaeran to KrazyKazu]
[12:07:35] [Server thread/INFO]: KrazyKazu issued server command: /gamemode survival
[12:07:35] [Server thread/INFO]: [KrazyKazu: Set own game mode to Survival Mode]
[12:07:41] [Server thread/INFO]: KrazyKazu issued server command: /round start
[12:09:49] [Server thread/WARN]: KrazyKazu moved too quickly! -0.03495318983516427,13.320000648498535,-0.04745585313162337
[12:10:06] [Server thread/WARN]: KrazyKazu moved too quickly! 0.0,13.320000648498535,0.0
[12:10:19] [Server thread/WARN]: KrazyKazu moved too quickly! -0.026824225620998732,13.320000648498535,-0.06290087199909067
[12:10:51] [Server thread/INFO]: 💀 BestSaeran ha caído!
[12:11:02] [Server thread/INFO]: KrazyKazu issued server command: /round stop
[12:11:02] [Server thread/INFO]: ⛔ La partida ha sido detenida. Todos han sido teletransportados al spawn.
[12:12:16] [Server thread/INFO]: KrazyKazu issued server command: /be hunter BestSaeran
[12:12:21] [Server thread/INFO]: KrazyKazu issued server command: /randomhunter
